<?xml version="1.0" encoding="utf-8"?><testsuites name="pytest tests"><testsuite name="pytest" errors="0" failures="5" skipped="0" tests="10" time="79.687" timestamp="2025-07-20T00:20:37.120704-05:00" hostname="DESKTOP-RDK27V2"><testcase classname="tests.carrito.test_api_integration.TestCarritoAPIIntegration" name="test_crear_carrito_exitoso" time="9.535" /><testcase classname="tests.carrito.test_api_integration.TestCarritoAPIIntegration" name="test_agregar_producto_a_carrito" time="14.193" /><testcase classname="tests.carrito.test_api_integration.TestCarritoAPIIntegration" name="test_obtener_carrito_exitoso" time="2.359"><failure message="AssertionError: Error creando carrito: 500&#10;assert 500 in [200, 409]&#10; +  where 500 = &lt;Response [500]&gt;.status_code">tests\carrito\test_api_integration.py:282: in test_obtener_carrito_exitoso
    assert create_response.status_code in [200, 409], f"Error creando carrito: {create_response.status_code}"
E   AssertionError: Error creando carrito: 500
E   assert 500 in [200, 409]
E    +  where 500 = &lt;Response [500]&gt;.status_code</failure></testcase><testcase classname="tests.carrito.test_api_integration.TestCarritoAPIIntegration" name="test_cambiar_cantidad_producto" time="14.458"><failure message="AssertionError: Error cambiando cantidad: 201 - {&#10;    &quot;Success&quot;: true,&#10;    &quot;message&quot;: &quot;Item Actualizado&quot;&#10;  }&#10;  &#10;assert 201 == 200&#10; +  where 201 = &lt;Response [201]&gt;.status_code">tests\carrito\test_api_integration.py:409: in test_cambiar_cantidad_producto
    assert response.status_code == 200, f"Error cambiando cantidad: {response.status_code} - {response.text}"
E   AssertionError: Error cambiando cantidad: 201 - {
E       "Success": true,
E       "message": "Item Actualizado"
E     }
E     
E   assert 201 == 200
E    +  where 201 = &lt;Response [201]&gt;.status_code</failure></testcase><testcase classname="tests.carrito.test_api_integration.TestCarritoAPIIntegration" name="test_vaciar_carrito_exitoso" time="11.276"><failure message="AssertionError: Error vaciando carrito: 400 - {&#10;    &quot;Success&quot;: false,&#10;    &quot;message&quot;: &quot;No se ha enviado un id de carrito para procesar la solicitud&quot;&#10;  }&#10;  &#10;assert 400 == 200&#10; +  where 400 = &lt;Response [400]&gt;.status_code">tests\carrito\test_api_integration.py:476: in test_vaciar_carrito_exitoso
    assert response.status_code == 200, f"Error vaciando carrito: {response.status_code} - {response.text}"
E   AssertionError: Error vaciando carrito: 400 - {
E       "Success": false,
E       "message": "No se ha enviado un id de carrito para procesar la solicitud"
E     }
E     
E   assert 400 == 200
E    +  where 400 = &lt;Response [400]&gt;.status_code</failure></testcase><testcase classname="tests.carrito.test_api_integration.TestCarritoAPIIntegration" name="test_obtener_carrito_inexistente" time="2.898" /><testcase classname="tests.carrito.test_api_integration.TestCarritoAPIIntegration" name="test_agregar_producto_carrito_inexistente" time="4.436" /><testcase classname="tests.carrito.test_api_integration.TestCarritoAPIIntegration" name="test_datos_invalidos_crear_carrito" time="2.603"><failure message="AssertionError: Error inesperado: 409&#10;assert 409 in [400, 422, 500]&#10; +  where 409 = &lt;Response [409]&gt;.status_code">tests\carrito\test_api_integration.py:577: in test_datos_invalidos_crear_carrito
    assert response.status_code in [400, 422, 500], f"Error inesperado: {response.status_code}"
E   AssertionError: Error inesperado: 409
E   assert 409 in [400, 422, 500]
E    +  where 409 = &lt;Response [409]&gt;.status_code</failure></testcase><testcase classname="tests.carrito.test_api_integration.TestCarritoAPIIntegration" name="test_crear_carrito_campos_faltantes" time="2.369" /><testcase classname="tests.carrito.test_api_integration.TestCarritoAPIIntegration" name="test_flujo_completo_carrito" time="14.404"><failure message="AssertionError: Error cambiando cantidad: 201&#10;assert 201 == 200&#10; +  where 201 = &lt;Response [201]&gt;.status_code">tests\carrito\test_api_integration.py:680: in test_flujo_completo_carrito
    assert change_response.status_code == 200, f"Error cambiando cantidad: {change_response.status_code}"
E   AssertionError: Error cambiando cantidad: 201
E   assert 201 == 200
E    +  where 201 = &lt;Response [201]&gt;.status_code</failure></testcase></testsuite></testsuites>